<?xml version="1.0" encoding="UTF-8"?>
<robot generator="Robot 5.0 (Python 3.10.4 on darwin)" generated="20220411 11:51:01.250" rpa="false" schemaversion="3">
<suite id="s1" name="Test" source="/Users/udaykaipa/Projects/robotFramework/Test/test.robot">
<test id="s1-t1" name="TC_new" line="17">
<kw name="Log To Console" library="BuiltIn">
<arg>${OUTPUTDIR}</arg>
<doc>Logs the given message to the console.</doc>
<status status="PASS" starttime="20220411 11:51:01.365" endtime="20220411 11:51:01.365"/>
</kw>
<doc>Documnetaiton for testcase</doc>
<tag>Category tagging, used when running test by category</tag>
<timeout value="10 seconds"/>
<status status="PASS" starttime="20220411 11:51:01.365" endtime="20220411 11:51:01.365"/>
</test>
<doc>A simple test script to show the format of a robot script here</doc>
<status status="PASS" starttime="20220411 11:51:01.251" endtime="20220411 11:51:01.366"/>
</suite>
<statistics>
<total>
<stat pass="1" fail="0" skip="0">All Tests</stat>
</total>
<tag>
<stat pass="1" fail="0" skip="0">Category tagging, used when running test by category</stat>
</tag>
<suite>
<stat pass="1" fail="0" skip="0" id="s1" name="Test">Test</stat>
</suite>
</statistics>
<errors>
<msg timestamp="20220411 11:51:01.364" level="ERROR">Error in file '/Users/udaykaipa/Projects/robotFramework/Test/test.robot' on line 6: Resource file 'None' does not exist.</msg>
</errors>
</robot>
